2023-02-04 20:19:24,499 - mmcls - INFO - Environment info:
------------------------------------------------------------
sys.platform: win32
Python: 3.8.16 (default, Jan 17 2023, 22:25:28) [MSC v.1916 64 bit (AMD64)]
CUDA available: True
GPU 0: GeForce GTX 1650
CUDA_HOME: C:\Program Files\NVIDIA GPU Computing Toolkit\CUDA\v10.2
NVCC: Cuda compilation tools, release 10.2, V10.2.8
MSVC: 用于 x64 的 Microsoft (R) C/C++ 优化编译器 19.29.30139 版
GCC: n/a
PyTorch: 1.13.1+cu116
PyTorch compiling details: PyTorch built with:
  - C++ Version: 199711
  - MSVC 192829337
  - Intel(R) Math Kernel Library Version 2020.0.2 Product Build 20200624 for Intel(R) 64 architecture applications
  - Intel(R) MKL-DNN v2.6.0 (Git Hash 52b5f107dd9cf10910aaa19cb47f3abf9b349815)
  - OpenMP 2019
  - LAPACK is enabled (usually provided by MKL)
  - CPU capability usage: AVX2
  - CUDA Runtime 11.6
  - NVCC architecture flags: -gencode;arch=compute_37,code=sm_37;-gencode;arch=compute_50,code=sm_50;-gencode;arch=compute_60,code=sm_60;-gencode;arch=compute_61,code=sm_61;-gencode;arch=compute_70,code=sm_70;-gencode;arch=compute_75,code=sm_75;-gencode;arch=compute_80,code=sm_80;-gencode;arch=compute_86,code=sm_86;-gencode;arch=compute_37,code=compute_37
  - CuDNN 8.3.2  (built against CUDA 11.5)
  - Magma 2.5.4
  - Build settings: BLAS_INFO=mkl, BUILD_TYPE=Release, CUDA_VERSION=11.6, CUDNN_VERSION=8.3.2, CXX_COMPILER=C:/actions-runner/_work/pytorch/pytorch/builder/windows/tmp_bin/sccache-cl.exe, CXX_FLAGS=/DWIN32 /D_WINDOWS /GR /EHsc /w /bigobj -DUSE_PTHREADPOOL -openmp:experimental -IC:/actions-runner/_work/pytorch/pytorch/builder/windows/mkl/include -DNDEBUG -DUSE_KINETO -DLIBKINETO_NOCUPTI -DUSE_FBGEMM -DUSE_XNNPACK -DSYMBOLICATE_MOBILE_DEBUG_HANDLE -DEDGE_PROFILER_USE_KINETO, LAPACK_INFO=mkl, PERF_WITH_AVX=1, PERF_WITH_AVX2=1, PERF_WITH_AVX512=1, TORCH_VERSION=1.13.1, USE_CUDA=ON, USE_CUDNN=ON, USE_EXCEPTION_PTR=1, USE_GFLAGS=OFF, USE_GLOG=OFF, USE_MKL=ON, USE_MKLDNN=ON, USE_MPI=OFF, USE_NCCL=OFF, USE_NNPACK=OFF, USE_OPENMP=ON, USE_ROCM=OFF, 

TorchVision: 0.14.1+cu116
OpenCV: 4.7.0
MMCV: 1.7.1
MMCV Compiler: MSVC 192829924
MMCV CUDA Compiler: 11.6
MMClassification: 0.25.0+3d4f80d
------------------------------------------------------------

2023-02-04 20:19:24,501 - mmcls - INFO - Distributed training: False
2023-02-04 20:19:24,630 - mmcls - INFO - Config:
model = dict(
    type='ImageClassifier',
    backbone=dict(
        type='ResNet',
        depth=18,
        num_stages=4,
        out_indices=(3, ),
        style='pytorch'),
    neck=dict(type='GlobalAveragePooling'),
    head=dict(
        type='LinearClsHead',
        num_classes=6,
        in_channels=512,
        loss=dict(type='CrossEntropyLoss', loss_weight=1.0),
        topk=(1, )))
dataset_type = 'ImageNet'
img_norm_cfg = dict(
    mean=[123.675, 116.28, 103.53], std=[58.395, 57.12, 57.375], to_rgb=True)
train_pipeline = [
    dict(type='LoadImageFromFile'),
    dict(type='RandomResizedCrop', size=224),
    dict(type='RandomFlip', flip_prob=0.5, direction='horizontal'),
    dict(
        type='Normalize',
        mean=[123.675, 116.28, 103.53],
        std=[58.395, 57.12, 57.375],
        to_rgb=True),
    dict(type='ImageToTensor', keys=['img']),
    dict(type='ToTensor', keys=['gt_label']),
    dict(type='Collect', keys=['img', 'gt_label'])
]
test_pipeline = [
    dict(type='LoadImageFromFile'),
    dict(type='Resize', size=(256, -1)),
    dict(type='CenterCrop', crop_size=224),
    dict(
        type='Normalize',
        mean=[123.675, 116.28, 103.53],
        std=[58.395, 57.12, 57.375],
        to_rgb=True),
    dict(type='ImageToTensor', keys=['img']),
    dict(type='Collect', keys=['img'])
]
data = dict(
    samples_per_gpu=32,
    workers_per_gpu=2,
    train=dict(
        type='ImageNet',
        data_prefix='data/train',
        pipeline=[
            dict(type='LoadImageFromFile'),
            dict(type='RandomResizedCrop', size=224),
            dict(type='RandomFlip', flip_prob=0.5, direction='horizontal'),
            dict(
                type='Normalize',
                mean=[123.675, 116.28, 103.53],
                std=[58.395, 57.12, 57.375],
                to_rgb=True),
            dict(type='ImageToTensor', keys=['img']),
            dict(type='ToTensor', keys=['gt_label']),
            dict(type='Collect', keys=['img', 'gt_label'])
        ],
        ann_file='data/train.txt',
        classes='data/classes.txt'),
    val=dict(
        type='ImageNet',
        data_prefix='data/val',
        ann_file='data/val.txt',
        pipeline=[
            dict(type='LoadImageFromFile'),
            dict(type='Resize', size=(256, -1)),
            dict(type='CenterCrop', crop_size=224),
            dict(
                type='Normalize',
                mean=[123.675, 116.28, 103.53],
                std=[58.395, 57.12, 57.375],
                to_rgb=True),
            dict(type='ImageToTensor', keys=['img']),
            dict(type='Collect', keys=['img'])
        ],
        classes='data/classes.txt'),
    test=dict(
        type='ImageNet',
        data_prefix='data/imagenet/val',
        ann_file='data/imagenet/meta/val.txt',
        pipeline=[
            dict(type='LoadImageFromFile'),
            dict(type='Resize', size=(256, -1)),
            dict(type='CenterCrop', crop_size=224),
            dict(
                type='Normalize',
                mean=[123.675, 116.28, 103.53],
                std=[58.395, 57.12, 57.375],
                to_rgb=True),
            dict(type='ImageToTensor', keys=['img']),
            dict(type='Collect', keys=['img'])
        ]))
evaluation = dict(interval=1, metric='accuracy')
checkpoint_config = dict(interval=1)
log_config = dict(interval=100, hooks=[dict(type='TextLoggerHook')])
dist_params = dict(backend='nccl')
log_level = 'INFO'
load_from = 'checkpoints/resnet18_8xb32_in1k_20210831-fbbb1da6.pth'
resume_from = None
workflow = [('train', 1)]
optimizer = dict(type='SGD', lr=0.001, momentum=0.9, weight_decay=0.0001)
optimizer_config = dict(grad_clip=None)
lr_config = dict(policy='step', step=[1])
runner = dict(type='EpochBasedRunner', max_epochs=100)
work_dir = 'work/resnet18_b32_flower'
gpu_ids = [0]

2023-02-04 20:19:24,634 - mmcls - INFO - Set random seed to 1840710283, deterministic: False
2023-02-04 20:19:25,199 - mmcls - INFO - load checkpoint from local path: checkpoints/resnet18_8xb32_in1k_20210831-fbbb1da6.pth
2023-02-04 20:19:25,233 - mmcls - WARNING - The model and loaded state dict do not match exactly

size mismatch for head.fc.weight: copying a param with shape torch.Size([1000, 512]) from checkpoint, the shape in current model is torch.Size([6, 512]).
size mismatch for head.fc.bias: copying a param with shape torch.Size([1000]) from checkpoint, the shape in current model is torch.Size([6]).
2023-02-04 20:19:25,236 - mmcls - INFO - Start running, host: 郭臣@LAPTOP-K82FN1UV, work_dir: E:\MyProgram\python\openmmlab\mmclassification\work\resnet18_b32_flower
2023-02-04 20:19:25,237 - mmcls - INFO - Hooks will be executed in the following order:
before_run:
(VERY_HIGH   ) StepLrUpdaterHook                  
(NORMAL      ) CheckpointHook                     
(LOW         ) EvalHook                           
(VERY_LOW    ) TextLoggerHook                     
 -------------------- 
before_train_epoch:
(VERY_HIGH   ) StepLrUpdaterHook                  
(LOW         ) IterTimerHook                      
(LOW         ) EvalHook                           
(VERY_LOW    ) TextLoggerHook                     
 -------------------- 
before_train_iter:
(VERY_HIGH   ) StepLrUpdaterHook                  
(LOW         ) IterTimerHook                      
(LOW         ) EvalHook                           
 -------------------- 
after_train_iter:
(ABOVE_NORMAL) OptimizerHook                      
(NORMAL      ) CheckpointHook                     
(LOW         ) IterTimerHook                      
(LOW         ) EvalHook                           
(VERY_LOW    ) TextLoggerHook                     
 -------------------- 
after_train_epoch:
(NORMAL      ) CheckpointHook                     
(LOW         ) EvalHook                           
(VERY_LOW    ) TextLoggerHook                     
 -------------------- 
before_val_epoch:
(LOW         ) IterTimerHook                      
(VERY_LOW    ) TextLoggerHook                     
 -------------------- 
before_val_iter:
(LOW         ) IterTimerHook                      
 -------------------- 
after_val_iter:
(LOW         ) IterTimerHook                      
 -------------------- 
after_val_epoch:
(VERY_LOW    ) TextLoggerHook                     
 -------------------- 
after_run:
(VERY_LOW    ) TextLoggerHook                     
 -------------------- 
2023-02-04 20:19:25,239 - mmcls - INFO - workflow: [('train', 1)], max: 100 epochs
2023-02-04 20:19:25,239 - mmcls - INFO - Checkpoints will be saved to E:\MyProgram\python\openmmlab\mmclassification\work\resnet18_b32_flower by HardDiskBackend.
2023-02-04 20:19:53,698 - mmcls - INFO - Saving checkpoint at 1 epochs
2023-02-04 20:20:03,643 - mmcls - INFO - Epoch(val) [1][18]	accuracy_top-1: 92.6573, accuracy_top-5: 100.0000
2023-02-04 20:20:17,553 - mmcls - INFO - Saving checkpoint at 2 epochs
2023-02-04 20:20:19,204 - mmcls - INFO - Epoch(val) [2][18]	accuracy_top-1: 92.4825, accuracy_top-5: 100.0000
2023-02-04 20:20:33,079 - mmcls - INFO - Saving checkpoint at 3 epochs
2023-02-04 20:20:34,653 - mmcls - INFO - Epoch(val) [3][18]	accuracy_top-1: 93.0070, accuracy_top-5: 100.0000
2023-02-04 20:20:48,428 - mmcls - INFO - Saving checkpoint at 4 epochs
2023-02-04 20:20:50,018 - mmcls - INFO - Epoch(val) [4][18]	accuracy_top-1: 92.8322, accuracy_top-5: 100.0000
2023-02-04 20:21:04,132 - mmcls - INFO - Saving checkpoint at 5 epochs
2023-02-04 20:21:05,808 - mmcls - INFO - Epoch(val) [5][18]	accuracy_top-1: 93.0070, accuracy_top-5: 100.0000
2023-02-04 20:21:19,733 - mmcls - INFO - Saving checkpoint at 6 epochs
2023-02-04 20:21:21,278 - mmcls - INFO - Epoch(val) [6][18]	accuracy_top-1: 94.0559, accuracy_top-5: 100.0000
2023-02-04 20:21:35,054 - mmcls - INFO - Saving checkpoint at 7 epochs
2023-02-04 20:21:36,614 - mmcls - INFO - Epoch(val) [7][18]	accuracy_top-1: 93.3566, accuracy_top-5: 100.0000
2023-02-04 20:21:50,372 - mmcls - INFO - Saving checkpoint at 8 epochs
2023-02-04 20:21:51,966 - mmcls - INFO - Epoch(val) [8][18]	accuracy_top-1: 93.3566, accuracy_top-5: 100.0000
2023-02-04 20:22:05,772 - mmcls - INFO - Saving checkpoint at 9 epochs
2023-02-04 20:22:07,378 - mmcls - INFO - Epoch(val) [9][18]	accuracy_top-1: 93.7063, accuracy_top-5: 100.0000
2023-02-04 20:22:21,150 - mmcls - INFO - Saving checkpoint at 10 epochs
2023-02-04 20:22:22,725 - mmcls - INFO - Epoch(val) [10][18]	accuracy_top-1: 93.3566, accuracy_top-5: 100.0000
2023-02-04 20:22:36,500 - mmcls - INFO - Saving checkpoint at 11 epochs
2023-02-04 20:22:38,084 - mmcls - INFO - Epoch(val) [11][18]	accuracy_top-1: 94.2308, accuracy_top-5: 100.0000
2023-02-04 20:22:51,855 - mmcls - INFO - Saving checkpoint at 12 epochs
2023-02-04 20:22:53,411 - mmcls - INFO - Epoch(val) [12][18]	accuracy_top-1: 94.0559, accuracy_top-5: 100.0000
2023-02-04 20:23:07,227 - mmcls - INFO - Saving checkpoint at 13 epochs
2023-02-04 20:23:08,783 - mmcls - INFO - Epoch(val) [13][18]	accuracy_top-1: 94.2308, accuracy_top-5: 100.0000
2023-02-04 20:23:22,560 - mmcls - INFO - Saving checkpoint at 14 epochs
2023-02-04 20:23:24,143 - mmcls - INFO - Epoch(val) [14][18]	accuracy_top-1: 93.7063, accuracy_top-5: 100.0000
2023-02-04 20:23:37,908 - mmcls - INFO - Saving checkpoint at 15 epochs
2023-02-04 20:23:39,462 - mmcls - INFO - Epoch(val) [15][18]	accuracy_top-1: 94.2308, accuracy_top-5: 100.0000
2023-02-04 20:23:53,234 - mmcls - INFO - Saving checkpoint at 16 epochs
2023-02-04 20:23:54,794 - mmcls - INFO - Epoch(val) [16][18]	accuracy_top-1: 93.8811, accuracy_top-5: 100.0000
2023-02-04 20:24:08,588 - mmcls - INFO - Saving checkpoint at 17 epochs
2023-02-04 20:24:10,163 - mmcls - INFO - Epoch(val) [17][18]	accuracy_top-1: 94.7552, accuracy_top-5: 100.0000
2023-02-04 20:24:23,937 - mmcls - INFO - Saving checkpoint at 18 epochs
2023-02-04 20:24:25,502 - mmcls - INFO - Epoch(val) [18][18]	accuracy_top-1: 94.4056, accuracy_top-5: 100.0000
2023-02-04 20:24:39,270 - mmcls - INFO - Saving checkpoint at 19 epochs
2023-02-04 20:24:40,845 - mmcls - INFO - Epoch(val) [19][18]	accuracy_top-1: 94.0559, accuracy_top-5: 100.0000
2023-02-04 20:24:54,609 - mmcls - INFO - Saving checkpoint at 20 epochs
2023-02-04 20:24:56,181 - mmcls - INFO - Epoch(val) [20][18]	accuracy_top-1: 94.4056, accuracy_top-5: 100.0000
2023-02-04 20:25:09,989 - mmcls - INFO - Saving checkpoint at 21 epochs
2023-02-04 20:25:11,563 - mmcls - INFO - Epoch(val) [21][18]	accuracy_top-1: 94.0559, accuracy_top-5: 100.0000
2023-02-04 20:25:25,330 - mmcls - INFO - Saving checkpoint at 22 epochs
2023-02-04 20:25:26,903 - mmcls - INFO - Epoch(val) [22][18]	accuracy_top-1: 94.5804, accuracy_top-5: 100.0000
2023-02-04 20:25:40,682 - mmcls - INFO - Saving checkpoint at 23 epochs
2023-02-04 20:25:42,240 - mmcls - INFO - Epoch(val) [23][18]	accuracy_top-1: 94.9301, accuracy_top-5: 100.0000
2023-02-04 20:25:56,025 - mmcls - INFO - Saving checkpoint at 24 epochs
2023-02-04 20:25:57,586 - mmcls - INFO - Epoch(val) [24][18]	accuracy_top-1: 94.7552, accuracy_top-5: 100.0000
2023-02-04 20:26:11,376 - mmcls - INFO - Saving checkpoint at 25 epochs
2023-02-04 20:26:12,906 - mmcls - INFO - Epoch(val) [25][18]	accuracy_top-1: 94.4056, accuracy_top-5: 100.0000
2023-02-04 20:26:26,666 - mmcls - INFO - Saving checkpoint at 26 epochs
2023-02-04 20:26:28,221 - mmcls - INFO - Epoch(val) [26][18]	accuracy_top-1: 94.9301, accuracy_top-5: 100.0000
2023-02-04 20:26:42,033 - mmcls - INFO - Saving checkpoint at 27 epochs
2023-02-04 20:26:43,601 - mmcls - INFO - Epoch(val) [27][18]	accuracy_top-1: 95.1049, accuracy_top-5: 100.0000
2023-02-04 20:26:57,579 - mmcls - INFO - Saving checkpoint at 28 epochs
2023-02-04 20:26:59,149 - mmcls - INFO - Epoch(val) [28][18]	accuracy_top-1: 94.5804, accuracy_top-5: 100.0000
2023-02-04 20:27:12,939 - mmcls - INFO - Saving checkpoint at 29 epochs
2023-02-04 20:27:14,535 - mmcls - INFO - Epoch(val) [29][18]	accuracy_top-1: 94.5804, accuracy_top-5: 100.0000
2023-02-04 20:27:28,314 - mmcls - INFO - Saving checkpoint at 30 epochs
2023-02-04 20:27:29,878 - mmcls - INFO - Epoch(val) [30][18]	accuracy_top-1: 94.7552, accuracy_top-5: 100.0000
2023-02-04 20:27:43,664 - mmcls - INFO - Saving checkpoint at 31 epochs
2023-02-04 20:27:45,229 - mmcls - INFO - Epoch(val) [31][18]	accuracy_top-1: 94.7552, accuracy_top-5: 100.0000
2023-02-04 20:27:59,033 - mmcls - INFO - Saving checkpoint at 32 epochs
2023-02-04 20:28:00,598 - mmcls - INFO - Epoch(val) [32][18]	accuracy_top-1: 94.9301, accuracy_top-5: 100.0000
2023-02-04 20:28:14,391 - mmcls - INFO - Saving checkpoint at 33 epochs
2023-02-04 20:28:15,951 - mmcls - INFO - Epoch(val) [33][18]	accuracy_top-1: 94.7552, accuracy_top-5: 100.0000
2023-02-04 20:28:29,798 - mmcls - INFO - Saving checkpoint at 34 epochs
2023-02-04 20:28:31,390 - mmcls - INFO - Epoch(val) [34][18]	accuracy_top-1: 94.9301, accuracy_top-5: 100.0000
2023-02-04 20:28:45,353 - mmcls - INFO - Saving checkpoint at 35 epochs
2023-02-04 20:28:46,941 - mmcls - INFO - Epoch(val) [35][18]	accuracy_top-1: 94.4056, accuracy_top-5: 100.0000
2023-02-04 20:29:00,824 - mmcls - INFO - Saving checkpoint at 36 epochs
2023-02-04 20:29:02,411 - mmcls - INFO - Epoch(val) [36][18]	accuracy_top-1: 95.1049, accuracy_top-5: 100.0000
2023-02-04 20:29:16,255 - mmcls - INFO - Saving checkpoint at 37 epochs
2023-02-04 20:29:17,813 - mmcls - INFO - Epoch(val) [37][18]	accuracy_top-1: 94.7552, accuracy_top-5: 100.0000
2023-02-04 20:29:31,753 - mmcls - INFO - Saving checkpoint at 38 epochs
2023-02-04 20:29:33,316 - mmcls - INFO - Epoch(val) [38][18]	accuracy_top-1: 94.9301, accuracy_top-5: 100.0000
2023-02-04 20:29:47,142 - mmcls - INFO - Saving checkpoint at 39 epochs
2023-02-04 20:29:48,679 - mmcls - INFO - Epoch(val) [39][18]	accuracy_top-1: 93.7063, accuracy_top-5: 100.0000
2023-02-04 20:30:02,995 - mmcls - INFO - Saving checkpoint at 40 epochs
2023-02-04 20:30:04,639 - mmcls - INFO - Epoch(val) [40][18]	accuracy_top-1: 94.5804, accuracy_top-5: 100.0000
2023-02-04 20:30:18,775 - mmcls - INFO - Saving checkpoint at 41 epochs
2023-02-04 20:30:20,395 - mmcls - INFO - Epoch(val) [41][18]	accuracy_top-1: 94.9301, accuracy_top-5: 100.0000
2023-02-04 20:30:34,987 - mmcls - INFO - Saving checkpoint at 42 epochs
2023-02-04 20:30:36,711 - mmcls - INFO - Epoch(val) [42][18]	accuracy_top-1: 94.7552, accuracy_top-5: 100.0000
2023-02-04 20:30:51,254 - mmcls - INFO - Saving checkpoint at 43 epochs
2023-02-04 20:30:52,815 - mmcls - INFO - Epoch(val) [43][18]	accuracy_top-1: 94.9301, accuracy_top-5: 100.0000
2023-02-04 20:31:07,245 - mmcls - INFO - Saving checkpoint at 44 epochs
2023-02-04 20:31:08,936 - mmcls - INFO - Epoch(val) [44][18]	accuracy_top-1: 95.1049, accuracy_top-5: 100.0000
2023-02-04 20:31:23,355 - mmcls - INFO - Saving checkpoint at 45 epochs
2023-02-04 20:31:25,000 - mmcls - INFO - Epoch(val) [45][18]	accuracy_top-1: 95.1049, accuracy_top-5: 100.0000
2023-02-04 20:31:39,241 - mmcls - INFO - Saving checkpoint at 46 epochs
2023-02-04 20:31:40,831 - mmcls - INFO - Epoch(val) [46][18]	accuracy_top-1: 95.2797, accuracy_top-5: 100.0000
2023-02-04 20:31:55,046 - mmcls - INFO - Saving checkpoint at 47 epochs
2023-02-04 20:31:57,166 - mmcls - INFO - Epoch(val) [47][18]	accuracy_top-1: 95.1049, accuracy_top-5: 100.0000
2023-02-04 20:32:11,389 - mmcls - INFO - Saving checkpoint at 48 epochs
2023-02-04 20:32:12,976 - mmcls - INFO - Epoch(val) [48][18]	accuracy_top-1: 95.2797, accuracy_top-5: 100.0000
2023-02-04 20:32:26,810 - mmcls - INFO - Saving checkpoint at 49 epochs
2023-02-04 20:32:28,400 - mmcls - INFO - Epoch(val) [49][18]	accuracy_top-1: 94.9301, accuracy_top-5: 100.0000
2023-02-04 20:32:42,211 - mmcls - INFO - Saving checkpoint at 50 epochs
2023-02-04 20:32:43,750 - mmcls - INFO - Epoch(val) [50][18]	accuracy_top-1: 94.5804, accuracy_top-5: 100.0000
2023-02-04 20:32:57,539 - mmcls - INFO - Saving checkpoint at 51 epochs
2023-02-04 20:32:59,099 - mmcls - INFO - Epoch(val) [51][18]	accuracy_top-1: 95.2797, accuracy_top-5: 100.0000
2023-02-04 20:33:12,888 - mmcls - INFO - Saving checkpoint at 52 epochs
2023-02-04 20:33:14,427 - mmcls - INFO - Epoch(val) [52][18]	accuracy_top-1: 94.7552, accuracy_top-5: 100.0000
2023-02-04 20:33:28,195 - mmcls - INFO - Saving checkpoint at 53 epochs
2023-02-04 20:33:29,737 - mmcls - INFO - Epoch(val) [53][18]	accuracy_top-1: 94.7552, accuracy_top-5: 100.0000
2023-02-04 20:33:43,719 - mmcls - INFO - Saving checkpoint at 54 epochs
2023-02-04 20:33:45,347 - mmcls - INFO - Epoch(val) [54][18]	accuracy_top-1: 95.1049, accuracy_top-5: 100.0000
2023-02-04 20:33:59,485 - mmcls - INFO - Saving checkpoint at 55 epochs
2023-02-04 20:34:01,053 - mmcls - INFO - Epoch(val) [55][18]	accuracy_top-1: 94.5804, accuracy_top-5: 100.0000
2023-02-04 20:34:15,114 - mmcls - INFO - Saving checkpoint at 56 epochs
2023-02-04 20:34:16,673 - mmcls - INFO - Epoch(val) [56][18]	accuracy_top-1: 94.5804, accuracy_top-5: 100.0000
2023-02-04 20:34:30,763 - mmcls - INFO - Saving checkpoint at 57 epochs
2023-02-04 20:34:32,372 - mmcls - INFO - Epoch(val) [57][18]	accuracy_top-1: 94.7552, accuracy_top-5: 100.0000
2023-02-04 20:34:46,231 - mmcls - INFO - Saving checkpoint at 58 epochs
2023-02-04 20:34:47,839 - mmcls - INFO - Epoch(val) [58][18]	accuracy_top-1: 94.9301, accuracy_top-5: 100.0000
2023-02-04 20:35:01,724 - mmcls - INFO - Saving checkpoint at 59 epochs
2023-02-04 20:35:03,285 - mmcls - INFO - Epoch(val) [59][18]	accuracy_top-1: 94.9301, accuracy_top-5: 100.0000
2023-02-04 20:35:17,283 - mmcls - INFO - Saving checkpoint at 60 epochs
2023-02-04 20:35:18,900 - mmcls - INFO - Epoch(val) [60][18]	accuracy_top-1: 94.9301, accuracy_top-5: 100.0000
2023-02-04 20:35:32,939 - mmcls - INFO - Saving checkpoint at 61 epochs
2023-02-04 20:35:34,508 - mmcls - INFO - Epoch(val) [61][18]	accuracy_top-1: 95.4545, accuracy_top-5: 100.0000
2023-02-04 20:35:48,505 - mmcls - INFO - Saving checkpoint at 62 epochs
2023-02-04 20:35:50,100 - mmcls - INFO - Epoch(val) [62][18]	accuracy_top-1: 95.1049, accuracy_top-5: 100.0000
2023-02-04 20:36:04,053 - mmcls - INFO - Saving checkpoint at 63 epochs
2023-02-04 20:36:05,644 - mmcls - INFO - Epoch(val) [63][18]	accuracy_top-1: 95.1049, accuracy_top-5: 100.0000
2023-02-04 20:36:19,420 - mmcls - INFO - Saving checkpoint at 64 epochs
2023-02-04 20:36:20,978 - mmcls - INFO - Epoch(val) [64][18]	accuracy_top-1: 95.1049, accuracy_top-5: 100.0000
2023-02-04 20:36:35,130 - mmcls - INFO - Saving checkpoint at 65 epochs
2023-02-04 20:36:36,703 - mmcls - INFO - Epoch(val) [65][18]	accuracy_top-1: 94.7552, accuracy_top-5: 100.0000
2023-02-04 20:36:50,675 - mmcls - INFO - Saving checkpoint at 66 epochs
2023-02-04 20:36:52,245 - mmcls - INFO - Epoch(val) [66][18]	accuracy_top-1: 94.2308, accuracy_top-5: 100.0000
2023-02-04 20:37:06,225 - mmcls - INFO - Saving checkpoint at 67 epochs
2023-02-04 20:37:07,785 - mmcls - INFO - Epoch(val) [67][18]	accuracy_top-1: 94.4056, accuracy_top-5: 100.0000
2023-02-04 20:37:21,568 - mmcls - INFO - Saving checkpoint at 68 epochs
2023-02-04 20:37:23,114 - mmcls - INFO - Epoch(val) [68][18]	accuracy_top-1: 95.2797, accuracy_top-5: 100.0000
2023-02-04 20:37:37,096 - mmcls - INFO - Saving checkpoint at 69 epochs
2023-02-04 20:37:38,648 - mmcls - INFO - Epoch(val) [69][18]	accuracy_top-1: 94.7552, accuracy_top-5: 100.0000
2023-02-04 20:37:52,593 - mmcls - INFO - Saving checkpoint at 70 epochs
2023-02-04 20:37:54,160 - mmcls - INFO - Epoch(val) [70][18]	accuracy_top-1: 94.5804, accuracy_top-5: 100.0000
2023-02-04 20:38:08,171 - mmcls - INFO - Saving checkpoint at 71 epochs
2023-02-04 20:38:09,858 - mmcls - INFO - Epoch(val) [71][18]	accuracy_top-1: 95.1049, accuracy_top-5: 100.0000
2023-02-04 20:38:23,878 - mmcls - INFO - Saving checkpoint at 72 epochs
2023-02-04 20:38:25,481 - mmcls - INFO - Epoch(val) [72][18]	accuracy_top-1: 94.5804, accuracy_top-5: 100.0000
2023-02-04 20:38:39,308 - mmcls - INFO - Saving checkpoint at 73 epochs
2023-02-04 20:38:40,847 - mmcls - INFO - Epoch(val) [73][18]	accuracy_top-1: 94.9301, accuracy_top-5: 100.0000
2023-02-04 20:38:54,642 - mmcls - INFO - Saving checkpoint at 74 epochs
2023-02-04 20:38:56,186 - mmcls - INFO - Epoch(val) [74][18]	accuracy_top-1: 94.4056, accuracy_top-5: 100.0000
2023-02-04 20:39:09,992 - mmcls - INFO - Saving checkpoint at 75 epochs
2023-02-04 20:39:11,581 - mmcls - INFO - Epoch(val) [75][18]	accuracy_top-1: 94.5804, accuracy_top-5: 100.0000
2023-02-04 20:39:25,367 - mmcls - INFO - Saving checkpoint at 76 epochs
2023-02-04 20:39:26,913 - mmcls - INFO - Epoch(val) [76][18]	accuracy_top-1: 94.7552, accuracy_top-5: 100.0000
2023-02-04 20:39:40,700 - mmcls - INFO - Saving checkpoint at 77 epochs
2023-02-04 20:39:42,249 - mmcls - INFO - Epoch(val) [77][18]	accuracy_top-1: 95.1049, accuracy_top-5: 100.0000
2023-02-04 20:39:56,037 - mmcls - INFO - Saving checkpoint at 78 epochs
2023-02-04 20:39:57,602 - mmcls - INFO - Epoch(val) [78][18]	accuracy_top-1: 94.5804, accuracy_top-5: 100.0000
2023-02-04 20:40:11,410 - mmcls - INFO - Saving checkpoint at 79 epochs
2023-02-04 20:40:12,971 - mmcls - INFO - Epoch(val) [79][18]	accuracy_top-1: 95.1049, accuracy_top-5: 100.0000
2023-02-04 20:40:26,767 - mmcls - INFO - Saving checkpoint at 80 epochs
2023-02-04 20:40:28,347 - mmcls - INFO - Epoch(val) [80][18]	accuracy_top-1: 94.2308, accuracy_top-5: 100.0000
2023-02-04 20:40:42,135 - mmcls - INFO - Saving checkpoint at 81 epochs
2023-02-04 20:40:43,691 - mmcls - INFO - Epoch(val) [81][18]	accuracy_top-1: 94.7552, accuracy_top-5: 100.0000
2023-02-04 20:40:57,488 - mmcls - INFO - Saving checkpoint at 82 epochs
2023-02-04 20:40:59,040 - mmcls - INFO - Epoch(val) [82][18]	accuracy_top-1: 94.7552, accuracy_top-5: 100.0000
2023-02-04 20:41:12,856 - mmcls - INFO - Saving checkpoint at 83 epochs
2023-02-04 20:41:14,404 - mmcls - INFO - Epoch(val) [83][18]	accuracy_top-1: 94.5804, accuracy_top-5: 100.0000
2023-02-04 20:41:28,177 - mmcls - INFO - Saving checkpoint at 84 epochs
2023-02-04 20:41:29,720 - mmcls - INFO - Epoch(val) [84][18]	accuracy_top-1: 95.2797, accuracy_top-5: 100.0000
2023-02-04 20:41:43,519 - mmcls - INFO - Saving checkpoint at 85 epochs
2023-02-04 20:41:45,084 - mmcls - INFO - Epoch(val) [85][18]	accuracy_top-1: 94.4056, accuracy_top-5: 100.0000
2023-02-04 20:41:58,860 - mmcls - INFO - Saving checkpoint at 86 epochs
2023-02-04 20:42:00,411 - mmcls - INFO - Epoch(val) [86][18]	accuracy_top-1: 95.2797, accuracy_top-5: 100.0000
2023-02-04 20:42:14,186 - mmcls - INFO - Saving checkpoint at 87 epochs
2023-02-04 20:42:15,738 - mmcls - INFO - Epoch(val) [87][18]	accuracy_top-1: 94.9301, accuracy_top-5: 100.0000
2023-02-04 20:42:29,536 - mmcls - INFO - Saving checkpoint at 88 epochs
2023-02-04 20:42:31,139 - mmcls - INFO - Epoch(val) [88][18]	accuracy_top-1: 94.5804, accuracy_top-5: 100.0000
2023-02-04 20:42:44,920 - mmcls - INFO - Saving checkpoint at 89 epochs
2023-02-04 20:42:46,482 - mmcls - INFO - Epoch(val) [89][18]	accuracy_top-1: 94.7552, accuracy_top-5: 100.0000
2023-02-04 20:43:00,270 - mmcls - INFO - Saving checkpoint at 90 epochs
2023-02-04 20:43:02,440 - mmcls - INFO - Epoch(val) [90][18]	accuracy_top-1: 95.1049, accuracy_top-5: 100.0000
2023-02-04 20:43:16,218 - mmcls - INFO - Saving checkpoint at 91 epochs
2023-02-04 20:43:17,762 - mmcls - INFO - Epoch(val) [91][18]	accuracy_top-1: 94.5804, accuracy_top-5: 100.0000
2023-02-04 20:43:31,554 - mmcls - INFO - Saving checkpoint at 92 epochs
2023-02-04 20:43:33,086 - mmcls - INFO - Epoch(val) [92][18]	accuracy_top-1: 95.2797, accuracy_top-5: 100.0000
2023-02-04 20:43:46,865 - mmcls - INFO - Saving checkpoint at 93 epochs
2023-02-04 20:43:48,405 - mmcls - INFO - Epoch(val) [93][18]	accuracy_top-1: 94.9301, accuracy_top-5: 100.0000
2023-02-04 20:44:02,218 - mmcls - INFO - Saving checkpoint at 94 epochs
2023-02-04 20:44:03,762 - mmcls - INFO - Epoch(val) [94][18]	accuracy_top-1: 94.7552, accuracy_top-5: 100.0000
2023-02-04 20:44:17,550 - mmcls - INFO - Saving checkpoint at 95 epochs
2023-02-04 20:44:19,128 - mmcls - INFO - Epoch(val) [95][18]	accuracy_top-1: 94.7552, accuracy_top-5: 100.0000
2023-02-04 20:44:33,325 - mmcls - INFO - Saving checkpoint at 96 epochs
2023-02-04 20:44:34,904 - mmcls - INFO - Epoch(val) [96][18]	accuracy_top-1: 94.9301, accuracy_top-5: 100.0000
2023-02-04 20:44:48,955 - mmcls - INFO - Saving checkpoint at 97 epochs
2023-02-04 20:44:50,525 - mmcls - INFO - Epoch(val) [97][18]	accuracy_top-1: 94.7552, accuracy_top-5: 100.0000
2023-02-04 20:45:04,608 - mmcls - INFO - Saving checkpoint at 98 epochs
2023-02-04 20:45:06,182 - mmcls - INFO - Epoch(val) [98][18]	accuracy_top-1: 94.5804, accuracy_top-5: 100.0000
2023-02-04 20:45:20,265 - mmcls - INFO - Saving checkpoint at 99 epochs
2023-02-04 20:45:21,824 - mmcls - INFO - Epoch(val) [99][18]	accuracy_top-1: 94.5804, accuracy_top-5: 100.0000
2023-02-04 20:45:35,697 - mmcls - INFO - Saving checkpoint at 100 epochs
2023-02-04 20:45:37,259 - mmcls - INFO - Epoch(val) [100][18]	accuracy_top-1: 95.1049, accuracy_top-5: 100.0000
